DEB [20210415-00:36:19.714] thr=1   paramiko.transport: starting thread (client mode): 0xdf58c640
DEB [20210415-00:36:19.715] thr=1   paramiko.transport: Local version/idstring: SSH-2.0-paramiko_2.7.2
DEB [20210415-00:36:19.735] thr=1   paramiko.transport: Remote version/idstring: SSH-2.0-OpenSSH_7.4
INF [20210415-00:36:19.735] thr=1   paramiko.transport: Connected (version 2.0, client OpenSSH_7.4)
DEB [20210415-00:36:19.757] thr=1   paramiko.transport: kex algos:['curve25519-sha256', 'curve25519-sha256@libssh.org', 'ecdh-sha2-nistp256', 'ecdh-sha2-nistp384', 'ecdh-sha2-nistp521', 'diffie-hellman-group-exchange-sha256', 'diffie-hellman-group16-sha512', 'diffie-hellman-group18-sha512', 'diffie-hellman-group-exchange-sha1', 'diffie-hellman-group14-sha256', 'diffie-hellman-group14-sha1', 'diffie-hellman-group1-sha1'] server key:['ssh-rsa', 'rsa-sha2-512', 'rsa-sha2-256', 'ecdsa-sha2-nistp256', 'ssh-ed25519'] client encrypt:['chacha20-poly1305@openssh.com', 'aes128-ctr', 'aes192-ctr', 'aes256-ctr', 'aes128-gcm@openssh.com', 'aes256-gcm@openssh.com', 'aes128-cbc', 'aes192-cbc', 'aes256-cbc', 'blowfish-cbc', 'cast128-cbc', '3des-cbc'] server encrypt:['chacha20-poly1305@openssh.com', 'aes128-ctr', 'aes192-ctr', 'aes256-ctr', 'aes128-gcm@openssh.com', 'aes256-gcm@openssh.com', 'aes128-cbc', 'aes192-cbc', 'aes256-cbc', 'blowfish-cbc', 'cast128-cbc', '3des-cbc'] client mac:['umac-64-etm@openssh.com', 'umac-128-etm@openssh.com', 'hmac-sha2-256-etm@openssh.com', 'hmac-sha2-512-etm@openssh.com', 'hmac-sha1-etm@openssh.com', 'umac-64@openssh.com', 'umac-128@openssh.com', 'hmac-sha2-256', 'hmac-sha2-512', 'hmac-sha1'] server mac:['umac-64-etm@openssh.com', 'umac-128-etm@openssh.com', 'hmac-sha2-256-etm@openssh.com', 'hmac-sha2-512-etm@openssh.com', 'hmac-sha1-etm@openssh.com', 'umac-64@openssh.com', 'umac-128@openssh.com', 'hmac-sha2-256', 'hmac-sha2-512', 'hmac-sha1'] client compress:['none', 'zlib@openssh.com'] server compress:['none', 'zlib@openssh.com'] client lang:[''] server lang:[''] kex follows?False
DEB [20210415-00:36:19.758] thr=1   paramiko.transport: Kex agreed: curve25519-sha256@libssh.org
DEB [20210415-00:36:19.758] thr=1   paramiko.transport: HostKey agreed: ssh-ed25519
DEB [20210415-00:36:19.758] thr=1   paramiko.transport: Cipher agreed: aes128-ctr
DEB [20210415-00:36:19.759] thr=1   paramiko.transport: MAC agreed: hmac-sha2-256
DEB [20210415-00:36:19.759] thr=1   paramiko.transport: Compression agreed: none
DEB [20210415-00:36:19.786] thr=1   paramiko.transport: kex engine KexCurve25519 specified hash_algo <built-in function openssl_sha256>
DEB [20210415-00:36:19.787] thr=1   paramiko.transport: Switch to new keys ...
DEB [20210415-00:36:19.788] thr=2   paramiko.transport: Rejecting ssh-ed25519 host key for 47.96.151.191: b'd4fff57083c18c2b1295c46a3695e91e'
DEB [20210415-00:36:39.152] thr=1   paramiko.transport: starting thread (client mode): 0xf613a640
DEB [20210415-00:36:39.153] thr=1   paramiko.transport: Local version/idstring: SSH-2.0-paramiko_2.7.2
DEB [20210415-00:36:39.169] thr=1   paramiko.transport: Remote version/idstring: SSH-2.0-OpenSSH_7.4
INF [20210415-00:36:39.169] thr=1   paramiko.transport: Connected (version 2.0, client OpenSSH_7.4)
DEB [20210415-00:36:39.184] thr=1   paramiko.transport: kex algos:['curve25519-sha256', 'curve25519-sha256@libssh.org', 'ecdh-sha2-nistp256', 'ecdh-sha2-nistp384', 'ecdh-sha2-nistp521', 'diffie-hellman-group-exchange-sha256', 'diffie-hellman-group16-sha512', 'diffie-hellman-group18-sha512', 'diffie-hellman-group-exchange-sha1', 'diffie-hellman-group14-sha256', 'diffie-hellman-group14-sha1', 'diffie-hellman-group1-sha1'] server key:['ssh-rsa', 'rsa-sha2-512', 'rsa-sha2-256', 'ecdsa-sha2-nistp256', 'ssh-ed25519'] client encrypt:['chacha20-poly1305@openssh.com', 'aes128-ctr', 'aes192-ctr', 'aes256-ctr', 'aes128-gcm@openssh.com', 'aes256-gcm@openssh.com', 'aes128-cbc', 'aes192-cbc', 'aes256-cbc', 'blowfish-cbc', 'cast128-cbc', '3des-cbc'] server encrypt:['chacha20-poly1305@openssh.com', 'aes128-ctr', 'aes192-ctr', 'aes256-ctr', 'aes128-gcm@openssh.com', 'aes256-gcm@openssh.com', 'aes128-cbc', 'aes192-cbc', 'aes256-cbc', 'blowfish-cbc', 'cast128-cbc', '3des-cbc'] client mac:['umac-64-etm@openssh.com', 'umac-128-etm@openssh.com', 'hmac-sha2-256-etm@openssh.com', 'hmac-sha2-512-etm@openssh.com', 'hmac-sha1-etm@openssh.com', 'umac-64@openssh.com', 'umac-128@openssh.com', 'hmac-sha2-256', 'hmac-sha2-512', 'hmac-sha1'] server mac:['umac-64-etm@openssh.com', 'umac-128-etm@openssh.com', 'hmac-sha2-256-etm@openssh.com', 'hmac-sha2-512-etm@openssh.com', 'hmac-sha1-etm@openssh.com', 'umac-64@openssh.com', 'umac-128@openssh.com', 'hmac-sha2-256', 'hmac-sha2-512', 'hmac-sha1'] client compress:['none', 'zlib@openssh.com'] server compress:['none', 'zlib@openssh.com'] client lang:[''] server lang:[''] kex follows?False
DEB [20210415-00:36:39.185] thr=1   paramiko.transport: Kex agreed: curve25519-sha256@libssh.org
DEB [20210415-00:36:39.185] thr=1   paramiko.transport: HostKey agreed: ssh-ed25519
DEB [20210415-00:36:39.185] thr=1   paramiko.transport: Cipher agreed: aes128-ctr
DEB [20210415-00:36:39.185] thr=1   paramiko.transport: MAC agreed: hmac-sha2-256
DEB [20210415-00:36:39.186] thr=1   paramiko.transport: Compression agreed: none
DEB [20210415-00:36:39.207] thr=1   paramiko.transport: kex engine KexCurve25519 specified hash_algo <built-in function openssl_sha256>
DEB [20210415-00:36:39.208] thr=1   paramiko.transport: Switch to new keys ...
DEB [20210415-00:36:39.209] thr=2   paramiko.transport: Rejecting ssh-ed25519 host key for 47.96.151.191: b'd4fff57083c18c2b1295c46a3695e91e'
DEB [20210415-00:38:39.169] thr=1   paramiko.transport: EOF in transport thread
